<?xml version="1.0" encoding="UTF-8"?>
<testsuite name="de.tum.in.ase.eist.OnlineCourseTest" tests="1" skipped="0" failures="0" errors="0" timestamp="2023-06-28T16:01:43" hostname="Mohammeds-MBP-2.fritz.box" time="0.006">
  <properties/>
  <testcase name="testSetOnlineCourseUrlWithInvalidUrl()" classname="de.tum.in.ase.eist.OnlineCourseTest" time="0.006"/>
  <system-out><![CDATA[]]></system-out>
  <system-err><![CDATA[]]></system-err>
</testsuite>
