<?xml version="1.0" encoding="UTF-8"?>
<testsuite name="de.tum.in.ase.eist.DiscussionTest" tests="1" skipped="0" failures="0" errors="0" timestamp="2023-06-28T17:04:07" hostname="Mohammeds-MBP-2.fritz.box" time="0.012">
  <properties/>
  <testcase name="testStartCourseDiscussion()" classname="de.tum.in.ase.eist.DiscussionTest" time="0.012"/>
  <system-out><![CDATA[]]></system-out>
  <system-err><![CDATA[]]></system-err>
</testsuite>
