<?xml version="1.0" encoding="UTF-8"?>
<testsuite name="de.tum.in.ase.eist.UniversityAppTest" tests="1" skipped="0" failures="0" errors="0" timestamp="2023-07-17T12:40:25" hostname="Mohammeds-MacBook-Pro-2.local" time="0.008">
  <properties/>
  <testcase name="testButtonText()" classname="de.tum.in.ase.eist.UniversityAppTest" time="0.008"/>
  <system-out><![CDATA[]]></system-out>
  <system-err><![CDATA[]]></system-err>
</testsuite>
